
> react-typescript-starter@0.1.0 test
> react-scripts test --coverage

Browserslist: caniuse-lite is outdated. Please run:
  npx browserslist@latest --update-db
  Why you should do it regularly: https://github.com/browserslist/browserslist#browsers-data-updating
Browserslist: caniuse-lite is outdated. Please run:
  npx browserslist@latest --update-db
  Why you should do it regularly: https://github.com/browserslist/browserslist#browsers-data-updating
Browserslist: caniuse-lite is outdated. Please run:
  npx browserslist@latest --update-db
  Why you should do it regularly: https://github.com/browserslist/browserslist#browsers-data-updating
PASS src/objects.test.ts
PASS src/arrays.test.ts
PASS src/nested.test.ts
PASS src/functions.test.ts
PASS src/text.test.tsx
  ● Console

    console.log
      vaporwave_moped_banner.jpg

      at Object.<anonymous> (src/App.tsx:6:9)

PASS src/App.test.tsx
  ● Console

    console.log
      vaporwave_moped_banner.jpg

      at Object.<anonymous> (src/App.tsx:6:9)

PASS src/HtmlCss.test.tsx
  ● Console

    console.log
      vaporwave_moped_banner.jpg

      at Object.<anonymous> (src/App.tsx:6:9)

----------------|---------|----------|---------|---------|-------------------
File            | % Stmts | % Branch | % Funcs | % Lines | Uncovered Line #s 
----------------|---------|----------|---------|---------|-------------------
All files       |   99.44 |    91.22 |     100 |    99.4 |                   
 src            |   99.44 |    91.22 |     100 |    99.4 |                   
  App.tsx       |     100 |      100 |     100 |     100 |                   
  arrays.ts     |   97.95 |      100 |     100 |   97.67 | 35                
  functions.ts  |     100 |      100 |     100 |     100 |                   
  nested.ts     |     100 |    73.68 |     100 |     100 | 203-260,288       
  objects.ts    |     100 |      100 |     100 |     100 |                   
 src/interfaces |       0 |        0 |       0 |       0 |                   
  answer.ts     |       0 |        0 |       0 |       0 |                   
  question.ts   |       0 |        0 |       0 |       0 |                   
----------------|---------|----------|---------|---------|-------------------

Test Suites: 7 passed, 7 total
Tests:       49 passed, 49 total
Snapshots:   0 total
Time:        3.951 s
Ran all test suites.
