
> react-typescript-starter@0.1.0 test
> react-scripts test --coverage

Browserslist: caniuse-lite is outdated. Please run:
  npx browserslist@latest --update-db
  Why you should do it regularly: https://github.com/browserslist/browserslist#browsers-data-updating
Browserslist: caniuse-lite is outdated. Please run:
  npx browserslist@latest --update-db
  Why you should do it regularly: https://github.com/browserslist/browserslist#browsers-data-updating
Browserslist: caniuse-lite is outdated. Please run:
  npx browserslist@latest --update-db
  Why you should do it regularly: https://github.com/browserslist/browserslist#browsers-data-updating
PASS src/functions.test.ts
PASS src/arrays.test.ts
PASS src/text.test.tsx
  ● Console

    console.log
      vaporwave_moped_banner.jpg

      at Object.<anonymous> (src/App.tsx:6:9)

PASS src/HtmlCss.test.tsx
  ● Console

    console.log
      vaporwave_moped_banner.jpg

      at Object.<anonymous> (src/App.tsx:6:9)

PASS src/App.test.tsx
  ● Console

    console.log
      vaporwave_moped_banner.jpg

      at Object.<anonymous> (src/App.tsx:6:9)

--------------|---------|----------|---------|---------|-------------------
File          | % Stmts | % Branch | % Funcs | % Lines | Uncovered Line #s 
--------------|---------|----------|---------|---------|-------------------
All files     |   98.57 |      100 |     100 |   98.43 |                   
 App.tsx      |     100 |      100 |     100 |     100 |                   
 arrays.ts    |   97.95 |      100 |     100 |   97.67 | 35                
 functions.ts |     100 |      100 |     100 |     100 |                   
--------------|---------|----------|---------|---------|-------------------

Test Suites: 5 passed, 5 total
Tests:       23 passed, 23 total
Snapshots:   0 total
Time:        3.083 s
Ran all test suites.
